1597906097.433546 client started (110208): version 3.0a, socket /tmp//tmux-1000/default, protocol 8
1597906097.433581 on Linux 5.4.0-42-generic #46-Ubuntu SMP Fri Jul 10 00:24:02 UTC 2020; libevent 2.1.11-stable (poll)
1597906097.433602 socket is /tmp//tmux-1000/default
1597906097.433616 trying connect
1597906097.433678 add peer 0x55734cce4430: 6 ((nil))
1597906097.433795 sending message 100 to peer 0x55734cce4430 (4 bytes)
1597906097.433802 sending message 101 to peer 0x55734cce4430 (7 bytes)
1597906097.433807 sending message 102 to peer 0x55734cce4430 (11 bytes)
1597906097.433811 sending message 108 to peer 0x55734cce4430 (43 bytes)
1597906097.433817 sending message 104 to peer 0x55734cce4430 (0 bytes)
1597906097.433823 sending message 107 to peer 0x55734cce4430 (4 bytes)
1597906097.433827 sending message 105 to peer 0x55734cce4430 (16 bytes)
1597906097.433832 sending message 105 to peer 0x55734cce4430 (84 bytes)
1597906097.433837 sending message 105 to peer 0x55734cce4430 (19 bytes)
1597906097.433842 sending message 105 to peer 0x55734cce4430 (20 bytes)
1597906097.433847 sending message 105 to peer 0x55734cce4430 (45 bytes)
1597906097.433852 sending message 105 to peer 0x55734cce4430 (23 bytes)
1597906097.433857 sending message 105 to peer 0x55734cce4430 (44 bytes)
1597906097.433861 sending message 105 to peer 0x55734cce4430 (19 bytes)
1597906097.433866 sending message 105 to peer 0x55734cce4430 (36 bytes)
1597906097.433870 sending message 105 to peer 0x55734cce4430 (19 bytes)
1597906097.433875 sending message 105 to peer 0x55734cce4430 (23 bytes)
1597906097.433879 sending message 105 to peer 0x55734cce4430 (32 bytes)
1597906097.433884 sending message 105 to peer 0x55734cce4430 (20 bytes)
1597906097.433888 sending message 105 to peer 0x55734cce4430 (41 bytes)
1597906097.433892 sending message 105 to peer 0x55734cce4430 (20 bytes)
1597906097.433897 sending message 105 to peer 0x55734cce4430 (23 bytes)
1597906097.433901 sending message 105 to peer 0x55734cce4430 (24 bytes)
1597906097.433905 sending message 105 to peer 0x55734cce4430 (19 bytes)
1597906097.433910 sending message 105 to peer 0x55734cce4430 (28 bytes)
1597906097.433915 sending message 105 to peer 0x55734cce4430 (47 bytes)
1597906097.433934 sending message 105 to peer 0x55734cce4430 (27 bytes)
1597906097.433940 sending message 105 to peer 0x55734cce4430 (21 bytes)
1597906097.433944 sending message 105 to peer 0x55734cce4430 (21 bytes)
1597906097.433949 sending message 105 to peer 0x55734cce4430 (52 bytes)
1597906097.433954 sending message 105 to peer 0x55734cce4430 (41 bytes)
1597906097.433967 sending message 105 to peer 0x55734cce4430 (33 bytes)
1597906097.433972 sending message 105 to peer 0x55734cce4430 (13 bytes)
1597906097.433976 sending message 105 to peer 0x55734cce4430 (24 bytes)
1597906097.433979 sending message 105 to peer 0x55734cce4430 (22 bytes)
1597906097.433982 sending message 105 to peer 0x55734cce4430 (18 bytes)
1597906097.433985 sending message 105 to peer 0x55734cce4430 (21 bytes)
1597906097.433988 sending message 105 to peer 0x55734cce4430 (17 bytes)
1597906097.433992 sending message 105 to peer 0x55734cce4430 (1506 bytes)
1597906097.433996 sending message 105 to peer 0x55734cce4430 (33 bytes)
1597906097.433999 sending message 105 to peer 0x55734cce4430 (17 bytes)
1597906097.434003 sending message 105 to peer 0x55734cce4430 (86 bytes)
1597906097.434006 sending message 105 to peer 0x55734cce4430 (47 bytes)
1597906097.434009 sending message 105 to peer 0x55734cce4430 (16 bytes)
1597906097.434012 sending message 105 to peer 0x55734cce4430 (23 bytes)
1597906097.434017 sending message 105 to peer 0x55734cce4430 (24 bytes)
1597906097.434022 sending message 105 to peer 0x55734cce4430 (34 bytes)
1597906097.434027 sending message 105 to peer 0x55734cce4430 (23 bytes)
1597906097.434034 sending message 105 to peer 0x55734cce4430 (12 bytes)
1597906097.434039 sending message 105 to peer 0x55734cce4430 (30 bytes)
1597906097.434044 sending message 105 to peer 0x55734cce4430 (32 bytes)
1597906097.434047 sending message 105 to peer 0x55734cce4430 (18 bytes)
1597906097.434056 sending message 105 to peer 0x55734cce4430 (13 bytes)
1597906097.434060 sending message 105 to peer 0x55734cce4430 (29 bytes)
1597906097.434063 sending message 105 to peer 0x55734cce4430 (11 bytes)
1597906097.434073 sending message 105 to peer 0x55734cce4430 (8 bytes)
1597906097.434076 sending message 105 to peer 0x55734cce4430 (25 bytes)
1597906097.434079 sending message 105 to peer 0x55734cce4430 (18 bytes)
1597906097.434083 sending message 105 to peer 0x55734cce4430 (27 bytes)
1597906097.434086 sending message 105 to peer 0x55734cce4430 (13 bytes)
1597906097.434107 sending message 105 to peer 0x55734cce4430 (31 bytes)
1597906097.434112 sending message 105 to peer 0x55734cce4430 (20 bytes)
1597906097.434117 sending message 105 to peer 0x55734cce4430 (23 bytes)
1597906097.434122 sending message 105 to peer 0x55734cce4430 (85 bytes)
1597906097.434127 sending message 105 to peer 0x55734cce4430 (196 bytes)
1597906097.434131 sending message 105 to peer 0x55734cce4430 (18 bytes)
1597906097.434134 sending message 105 to peer 0x55734cce4430 (54 bytes)
1597906097.434137 sending message 105 to peer 0x55734cce4430 (23 bytes)
1597906097.434140 sending message 105 to peer 0x55734cce4430 (16 bytes)
1597906097.434143 sending message 105 to peer 0x55734cce4430 (26 bytes)
1597906097.434146 sending message 106 to peer 0x55734cce4430 (0 bytes)
1597906097.434149 sending message 200 to peer 0x55734cce4430 (4 bytes)
1597906097.434153 client loop enter
1597906097.436384 peer 0x55734cce4430 message 211
1597906097.436403 client_write: sessions should be nested with care, unset $TMUX to force\n
1597906097.436419 peer 0x55734cce4430 message 203
1597906097.436427 client loop exit
